10:53:58 AM [express] Checking environment: DATABASE_URL is SET
10:53:58 AM [express] Checking environment: NODE_ENV is development
10:53:58 AM [express] Server physical port listener opened on 3000
10:53:59 AM [express] Vite middleware setup completed
10:55:26 AM [express] Checking environment: DATABASE_URL is SET
10:55:26 AM [express] Checking environment: NODE_ENV is development
10:55:26 AM [express] Server physical port listener opened on 3000
10:55:27 AM [express] Vite middleware setup completed
10:55:56 AM [express] Checking environment: DATABASE_URL is SET
10:55:56 AM [express] Checking environment: NODE_ENV is development
10:55:56 AM [express] Server physical port listener opened on 3000
10:55:57 AM [express] Vite middleware setup completed
10:56:43 AM [express] GET /api/tours 200 in 128ms :: [{"id":1,"title":"Luxury Serengeti Safari","location":"Tanzania","price":4500,"duration":"7 Days","image":"https://images.unsplash.com/photo-1516426122078-c23e76319801?auto=format&fit=crop&q=80&w=1000","description":"Experience the magic of the Serengeti with our all-inclusive luxury safari. See the big five in their natural habitat and stay in world-class lodges.","highlights":["Big Five Spotting","Hot Air Balloon Safari","Luxury Tented Camp","Indigenous Cultural Visit"],"createdAt":"2026-04-23T10:55:26.788Z"},{"id":2,"title":"Cape Town & Garden Route","location":"South Africa","price":3200,"duration":"10 Days","image":"https://images.unsplash.com/photo-1580060839134-75a5edca2e99?auto=format&fit=crop&q=80&w=1000","description":"Explore the stunning coastal scenery of the Garden Route and the vibrant culture of Cape Town. Includes wine tasting in Stellenbosch.","highlights":["Table Mountain Sunset","Wine Tasting","Penguin Colony Visit","Coastal Scenic Drive"],"createdAt":"2026-04-23T10:55:26.839Z"},{"id":3,"title":"Victoria Falls Adventure","location":"Zimbabwe / Zambia","price":1800,"duration":"4 Days","image":"https://images.unsplash.com/photo-1547471080-7cc2caa01a7e?auto=format&fit=crop&q=80&w=1000","description":"Witness the 'Smoke that Thunders'. A breathtaking adventure at one of the world's natural wonders.","highlights":["Helicopter over Falls","Sunset Cruise","Guided Rain Forest Tour","Bungee Jumping (Optional)"],"createdAt":"2026-04-23T10:55:26.854Z"}]
11:00:03 AM [express] GET /api/tours/1 200 in 157ms :: {"id":1,"title":"Luxury Serengeti Safari","location":"Tanzania","price":4500,"duration":"7 Days","image":"https://images.unsplash.com/photo-1516426122078-c23e76319801?auto=format&fit=crop&q=80&w=1000","description":"Experience the magic of the Serengeti with our all-inclusive luxury safari. See the big five in their natural habitat and stay in world-class lodges.","highlights":["Big Five Spotting","Hot Air Balloon Safari","Luxury Tented Camp","Indigenous Cultural Visit"],"createdAt":"2026-04-23T10:55:26.788Z"}
11:01:46 AM [express] POST /api/auth/login 200 in 276ms :: {"id":1,"name":"Admin User","email":"admin@japhazel.com","role":"admin"}
11:01:46 AM [express] GET /api/bookings 401 in 1ms :: {"error":"Authentication required"}
11:02:31 AM [express] GET /api/tours 304 in 122ms :: [{"id":1,"title":"Luxury Serengeti Safari","location":"Tanzania","price":4500,"duration":"7 Days","image":"https://images.unsplash.com/photo-1516426122078-c23e76319801?auto=format&fit=crop&q=80&w=1000","description":"Experience the magic of the Serengeti with our all-inclusive luxury safari. See the big five in their natural habitat and stay in world-class lodges.","highlights":["Big Five Spotting","Hot Air Balloon Safari","Luxury Tented Camp","Indigenous Cultural Visit"],"createdAt":"2026-04-23T10:55:26.788Z"},{"id":2,"title":"Cape Town & Garden Route","location":"South Africa","price":3200,"duration":"10 Days","image":"https://images.unsplash.com/photo-1580060839134-75a5edca2e99?auto=format&fit=crop&q=80&w=1000","description":"Explore the stunning coastal scenery of the Garden Route and the vibrant culture of Cape Town. Includes wine tasting in Stellenbosch.","highlights":["Table Mountain Sunset","Wine Tasting","Penguin Colony Visit","Coastal Scenic Drive"],"createdAt":"2026-04-23T10:55:26.839Z"},{"id":3,"title":"Victoria Falls Adventure","location":"Zimbabwe / Zambia","price":1800,"duration":"4 Days","image":"https://images.unsplash.com/photo-1547471080-7cc2caa01a7e?auto=format&fit=crop&q=80&w=1000","description":"Witness the 'Smoke that Thunders'. A breathtaking adventure at one of the world's natural wonders.","highlights":["Helicopter over Falls","Sunset Cruise","Guided Rain Forest Tour","Bungee Jumping (Optional)"],"createdAt":"2026-04-23T10:55:26.854Z"}]
11:06:42 AM [express] Checking environment: DATABASE_URL is SET
11:06:42 AM [express] Checking environment: NODE_ENV is development
11:06:42 AM [express] Server physical port listener opened on 3000
11:06:43 AM [express] Vite middleware setup completed
11:07:00 AM [express] GET /api/tours 304 in 126ms :: [{"id":1,"title":"Luxury Serengeti Safari","location":"Tanzania","price":4500,"duration":"7 Days","image":"https://images.unsplash.com/photo-1516426122078-c23e76319801?auto=format&fit=crop&q=80&w=1000","description":"Experience the magic of the Serengeti with our all-inclusive luxury safari. See the big five in their natural habitat and stay in world-class lodges.","highlights":["Big Five Spotting","Hot Air Balloon Safari","Luxury Tented Camp","Indigenous Cultural Visit"],"createdAt":"2026-04-23T10:55:26.788Z"},{"id":2,"title":"Cape Town & Garden Route","location":"South Africa","price":3200,"duration":"10 Days","image":"https://images.unsplash.com/photo-1580060839134-75a5edca2e99?auto=format&fit=crop&q=80&w=1000","description":"Explore the stunning coastal scenery of the Garden Route and the vibrant culture of Cape Town. Includes wine tasting in Stellenbosch.","highlights":["Table Mountain Sunset","Wine Tasting","Penguin Colony Visit","Coastal Scenic Drive"],"createdAt":"2026-04-23T10:55:26.839Z"},{"id":3,"title":"Victoria Falls Adventure","location":"Zimbabwe / Zambia","price":1800,"duration":"4 Days","image":"https://images.unsplash.com/photo-1547471080-7cc2caa01a7e?auto=format&fit=crop&q=80&w=1000","description":"Witness the 'Smoke that Thunders'. A breathtaking adventure at one of the world's natural wonders.","highlights":["Helicopter over Falls","Sunset Cruise","Guided Rain Forest Tour","Bungee Jumping (Optional)"],"createdAt":"2026-04-23T10:55:26.854Z"}]
11:12:44 AM [express] Checking environment: DATABASE_URL is SET
11:12:44 AM [express] Checking environment: NODE_ENV is development
11:12:44 AM [express] Server physical port listener opened on 3000
11:12:45 AM [express] Vite middleware setup completed
11:14:00 AM [express] Checking environment: DATABASE_URL is SET
11:14:00 AM [express] Checking environment: NODE_ENV is development
11:14:01 AM [express] Server physical port listener opened on 3000
11:14:02 AM [express] Vite middleware setup completed
2:07:35 AM [express] Checking environment: DATABASE_URL is SET
2:07:35 AM [express] Checking environment: NODE_ENV is development
2:07:35 AM [express] Server physical port listener opened on 3000
2:07:36 AM [express] Vite middleware setup completed
2:07:52 AM [express] GET /api/gallery 200 in 108ms [session: 9SO3Luhh...] [no-user] :: [{"id":1,"url":"https://images.unsplash.com/photo-1575550959106-5a7defe28b56?w=600&auto=format&fit=crop&q=60&ixlib=rb-4.1.0&ixid=M3wxMjA3fDB8MHxzZWFyY2h8Mnx8d2lsZGxpZmV8ZW58MHx8MHx8fDA%3D","caption":"q","category":"general","createdAt":"2026-04-23T14:34:13.721Z"}]
2:07:52 AM [express] GET /api/tours 304 in 102ms [session: gDo0xPGh...] [no-user] :: [{"id":1,"title":"Luxury Serengeti Safari","location":"Tanzania","price":4500,"duration":"7 Days","image":"https://images.unsplash.com/photo-1516426122078-c23e76319801?auto=format&fit=crop&q=80&w=1000","description":"Experience the magic of the Serengeti with our all-inclusive luxury safari. See the big five in their natural habitat and stay in world-class lodges.","highlights":["Big Five Spotting","Hot Air Balloon Safari","Luxury Tented Camp","Indigenous Cultural Visit"],"createdAt":"2026-04-23T11:51:23.998Z"},{"id":2,"title":"Cape Town & Garden Route","location":"South Africa","price":3200,"duration":"10 Days","image":"https://images.unsplash.com/photo-1580060839134-75a5edca2e99?auto=format&fit=crop&q=80&w=1000","description":"Explore the stunning coastal scenery of the Garden Route and the vibrant culture of Cape Town. Includes wine tasting in Stellenbosch.","highlights":["Table Mountain Sunset","Wine Tasting","Penguin Colony Visit","Coastal Scenic Drive"],"createdAt":"2026-04-23T11:51:24.015Z"},{"id":3,"title":"Victoria Falls Adventure","location":"Zimbabwe / Zambia","price":1800,"duration":"4 Days","image":"https://images.unsplash.com/photo-1547471080-7cc2caa01a7e?auto=format&fit=crop&q=80&w=1000","description":"Witness the 'Smoke that Thunders'. A breathtaking adventure at one of the world's natural wonders.","highlights":["Helicopter over Falls","Sunset Cruise","Guided Rain Forest Tour","Bungee Jumping (Optional)"],"createdAt":"2026-04-23T11:51:24.049Z"}]
2:23:43 AM [express] GET /api/tours 304 in 158ms [session: tLFtOMso...] [no-user] :: [{"id":1,"title":"Luxury Serengeti Safari","location":"Tanzania","price":4500,"duration":"7 Days","image":"https://images.unsplash.com/photo-1516426122078-c23e76319801?auto=format&fit=crop&q=80&w=1000","description":"Experience the magic of the Serengeti with our all-inclusive luxury safari. See the big five in their natural habitat and stay in world-class lodges.","highlights":["Big Five Spotting","Hot Air Balloon Safari","Luxury Tented Camp","Indigenous Cultural Visit"],"createdAt":"2026-04-23T11:51:23.998Z"},{"id":2,"title":"Cape Town & Garden Route","location":"South Africa","price":3200,"duration":"10 Days","image":"https://images.unsplash.com/photo-1580060839134-75a5edca2e99?auto=format&fit=crop&q=80&w=1000","description":"Explore the stunning coastal scenery of the Garden Route and the vibrant culture of Cape Town. Includes wine tasting in Stellenbosch.","highlights":["Table Mountain Sunset","Wine Tasting","Penguin Colony Visit","Coastal Scenic Drive"],"createdAt":"2026-04-23T11:51:24.015Z"},{"id":3,"title":"Victoria Falls Adventure","location":"Zimbabwe / Zambia","price":1800,"duration":"4 Days","image":"https://images.unsplash.com/photo-1547471080-7cc2caa01a7e?auto=format&fit=crop&q=80&w=1000","description":"Witness the 'Smoke that Thunders'. A breathtaking adventure at one of the world's natural wonders.","highlights":["Helicopter over Falls","Sunset Cruise","Guided Rain Forest Tour","Bungee Jumping (Optional)"],"createdAt":"2026-04-23T11:51:24.049Z"}]
2:23:43 AM [express] GET /api/gallery 304 in 161ms [session: on0l17WT...] [no-user] :: [{"id":1,"url":"https://images.unsplash.com/photo-1575550959106-5a7defe28b56?w=600&auto=format&fit=crop&q=60&ixlib=rb-4.1.0&ixid=M3wxMjA3fDB8MHxzZWFyY2h8Mnx8d2lsZGxpZmV8ZW58MHx8MHx8fDA%3D","caption":"q","category":"general","createdAt":"2026-04-23T14:34:13.721Z"}]
2:26:40 AM [express] Checking environment: DATABASE_URL is SET
2:26:40 AM [express] Checking environment: NODE_ENV is development
2:26:40 AM [express] Server physical port listener opened on 3000
2:26:41 AM [express] Vite middleware setup completed
2:32:12 AM [express] Checking environment: DATABASE_URL is SET
2:32:12 AM [express] Checking environment: NODE_ENV is development
2:32:12 AM [express] Server physical port listener opened on 3000
2:32:13 AM [express] Vite middleware setup completed
2:36:38 AM [express] Checking environment: DATABASE_URL is SET
2:36:38 AM [express] Checking environment: NODE_ENV is development
2:36:38 AM [express] Server physical port listener opened on 3000
2:36:39 AM [express] Vite middleware setup completed
2:37:12 AM [express] Checking environment: DATABASE_URL is SET
2:37:12 AM [express] Checking environment: NODE_ENV is development
2:37:12 AM [express] Server physical port listener opened on 3000
2:37:13 AM [express] Vite middleware setup completed
2:37:21 AM [express] GET /api/gallery 304 in 15ms [session: hqeB3P-Y...] [no-user] :: [{"id":1,"url":"https://images.unsplash.com/photo-1575550959106-5a7defe28b56?w=600&auto=format&fit=crop&q=60&ixlib=rb-4.1.0&ixid=M3wxMjA3fDB8MHxzZWFyY2h8Mnx8d2lsZGxpZmV8ZW58MHx8MHx8fDA%3D","caption":"q","category":"general","createdAt":"2026-04-23T14:34:13.721Z"}]
2:37:22 AM [express] GET /api/settings 200 in 102ms [session: hhUF5dj7...] [no-user] :: {}
2:37:22 AM [express] GET /api/tours 304 in 101ms [session: pRpciHy2...] [no-user] :: [{"id":1,"title":"Luxury Serengeti Safari","location":"Tanzania","price":4500,"duration":"7 Days","image":"https://images.unsplash.com/photo-1516426122078-c23e76319801?auto=format&fit=crop&q=80&w=1000","description":"Experience the magic of the Serengeti with our all-inclusive luxury safari. See the big five in their natural habitat and stay in world-class lodges.","highlights":["Big Five Spotting","Hot Air Balloon Safari","Luxury Tented Camp","Indigenous Cultural Visit"],"createdAt":"2026-04-23T11:51:23.998Z"},{"id":2,"title":"Cape Town & Garden Route","location":"South Africa","price":3200,"duration":"10 Days","image":"https://images.unsplash.com/photo-1580060839134-75a5edca2e99?auto=format&fit=crop&q=80&w=1000","description":"Explore the stunning coastal scenery of the Garden Route and the vibrant culture of Cape Town. Includes wine tasting in Stellenbosch.","highlights":["Table Mountain Sunset","Wine Tasting","Penguin Colony Visit","Coastal Scenic Drive"],"createdAt":"2026-04-23T11:51:24.015Z"},{"id":3,"title":"Victoria Falls Adventure","location":"Zimbabwe / Zambia","price":1800,"duration":"4 Days","image":"https://images.unsplash.com/photo-1547471080-7cc2caa01a7e?auto=format&fit=crop&q=80&w=1000","description":"Witness the 'Smoke that Thunders'. A breathtaking adventure at one of the world's natural wonders.","highlights":["Helicopter over Falls","Sunset Cruise","Guided Rain Forest Tour","Bungee Jumping (Optional)"],"createdAt":"2026-04-23T11:51:24.049Z"}]
2:38:24 AM [express] GET /api/bookings 403 in 123ms [session: OyxDQO0c...] [no-user] :: {"error":"Access denied. Admin privileges required."}
2:38:25 AM [express] GET /api/contact 403 in 36ms [session: rwiyvmwy...] [no-user] :: {"error":"Access denied. Admin privileges required."}
2:42:21 AM [express] PUT /api/settings/hero_video 403 in 304ms [session: KrzSGNiY...] [no-user] :: {"error":"Access denied. Admin privileges required."}
2:42:30 AM [express] PUT /api/settings/hero_video 403 in 50ms [session: qLdW6bSM...] [no-user] :: {"error":"Access denied. Admin privileges required."}
2:46:51 AM [express] Checking environment: DATABASE_URL is SET
2:46:52 AM [express] Checking environment: NODE_ENV is development
2:46:52 AM [express] Server physical port listener opened on 3000
2:46:53 AM [express] Vite middleware setup completed
2:46:57 AM [express] Checking environment: DATABASE_URL is SET
2:46:57 AM [express] Checking environment: NODE_ENV is development
2:46:57 AM [express] Server physical port listener opened on 3000
2:46:58 AM [express] Vite middleware setup completed
2:47:09 AM [express] GET /api/settings 304 in 101ms [session: 5gQlm8uF...] [no-user] :: {}
2:47:09 AM [express] GET /api/gallery 304 in 98ms [session: tPoGKYuC...] [no-user] :: [{"id":1,"url":"https://images.unsplash.com/photo-1575550959106-5a7defe28b56?w=600&auto=format&fit=crop&q=60&ixlib=rb-4.1.0&ixid=M3wxMjA3fDB8MHxzZWFyY2h8Mnx8d2lsZGxpZmV8ZW58MHx8MHx8fDA%3D","caption":"q","category":"general","createdAt":"2026-04-23T14:34:13.721Z"}]
2:47:09 AM [express] GET /api/tours 304 in 98ms [session: w_ixnlBm...] [no-user] :: [{"id":1,"title":"Luxury Serengeti Safari","location":"Tanzania","price":4500,"duration":"7 Days","image":"https://images.unsplash.com/photo-1516426122078-c23e76319801?auto=format&fit=crop&q=80&w=1000","description":"Experience the magic of the Serengeti with our all-inclusive luxury safari. See the big five in their natural habitat and stay in world-class lodges.","highlights":["Big Five Spotting","Hot Air Balloon Safari","Luxury Tented Camp","Indigenous Cultural Visit"],"createdAt":"2026-04-23T11:51:23.998Z"},{"id":2,"title":"Cape Town & Garden Route","location":"South Africa","price":3200,"duration":"10 Days","image":"https://images.unsplash.com/photo-1580060839134-75a5edca2e99?auto=format&fit=crop&q=80&w=1000","description":"Explore the stunning coastal scenery of the Garden Route and the vibrant culture of Cape Town. Includes wine tasting in Stellenbosch.","highlights":["Table Mountain Sunset","Wine Tasting","Penguin Colony Visit","Coastal Scenic Drive"],"createdAt":"2026-04-23T11:51:24.015Z"},{"id":3,"title":"Victoria Falls Adventure","location":"Zimbabwe / Zambia","price":1800,"duration":"4 Days","image":"https://images.unsplash.com/photo-1547471080-7cc2caa01a7e?auto=format&fit=crop&q=80&w=1000","description":"Witness the 'Smoke that Thunders'. A breathtaking adventure at one of the world's natural wonders.","highlights":["Helicopter over Falls","Sunset Cruise","Guided Rain Forest Tour","Bungee Jumping (Optional)"],"createdAt":"2026-04-23T11:51:24.049Z"}]
2:47:38 AM [express] GET /api/bookings 200 in 281ms [session: foHEjTtF...] [no-user] :: []
2:47:38 AM [express] GET /api/contact 200 in 301ms [session: ojJCur2r...] [no-user] :: []
2:47:44 AM [express] PUT /api/settings/hero_video 200 in 77ms [session: rlp2i6yW...] [no-user] :: {"id":1,"settingKey":"hero_video","settingValue":"https://www.youtube.com/watch?v=JUSE2SaJgwE","updatedAt":"2026-04-24T02:47:44.694Z"}
2:47:44 AM [express] GET /api/settings 200 in 15ms [session: VkhGVSnl...] [no-user] :: {"hero_video":"https://www.youtube.com/watch?v=JUSE2SaJgwE"}
2:47:57 AM [express] GET /api/tours 304 in 99ms [session: ANn-pETM...] [no-user] :: [{"id":1,"title":"Luxury Serengeti Safari","location":"Tanzania","price":4500,"duration":"7 Days","image":"https://images.unsplash.com/photo-1516426122078-c23e76319801?auto=format&fit=crop&q=80&w=1000","description":"Experience the magic of the Serengeti with our all-inclusive luxury safari. See the big five in their natural habitat and stay in world-class lodges.","highlights":["Big Five Spotting","Hot Air Balloon Safari","Luxury Tented Camp","Indigenous Cultural Visit"],"createdAt":"2026-04-23T11:51:23.998Z"},{"id":2,"title":"Cape Town & Garden Route","location":"South Africa","price":3200,"duration":"10 Days","image":"https://images.unsplash.com/photo-1580060839134-75a5edca2e99?auto=format&fit=crop&q=80&w=1000","description":"Explore the stunning coastal scenery of the Garden Route and the vibrant culture of Cape Town. Includes wine tasting in Stellenbosch.","highlights":["Table Mountain Sunset","Wine Tasting","Penguin Colony Visit","Coastal Scenic Drive"],"createdAt":"2026-04-23T11:51:24.015Z"},{"id":3,"title":"Victoria Falls Adventure","location":"Zimbabwe / Zambia","price":1800,"duration":"4 Days","image":"https://images.unsplash.com/photo-1547471080-7cc2caa01a7e?auto=format&fit=crop&q=80&w=1000","description":"Witness the 'Smoke that Thunders'. A breathtaking adventure at one of the world's natural wonders.","highlights":["Helicopter over Falls","Sunset Cruise","Guided Rain Forest Tour","Bungee Jumping (Optional)"],"createdAt":"2026-04-23T11:51:24.049Z"}]
2:47:57 AM [express] GET /api/settings 304 in 99ms [session: ftIRlA-n...] [no-user] :: {"hero_video":"https://www.youtube.com/watch?v=JUSE2SaJgwE"}
2:47:57 AM [express] GET /api/gallery 304 in 102ms [session: UW4v5JwX...] [no-user] :: [{"id":1,"url":"https://images.unsplash.com/photo-1575550959106-5a7defe28b56?w=600&auto=format&fit=crop&q=60&ixlib=rb-4.1.0&ixid=M3wxMjA3fDB8MHxzZWFyY2h8Mnx8d2lsZGxpZmV8ZW58MHx8MHx8fDA%3D","caption":"q","category":"general","createdAt":"2026-04-23T14:34:13.721Z"}]
2:49:06 AM [express] GET /api/contact 304 in 187ms [session: 8L6F1Z7W...] [no-user] :: []
2:49:06 AM [express] GET /api/bookings 304 in 207ms [session: 1hlOr31q...] [no-user] :: []
2:49:16 AM [express] PUT /api/settings/hero_video 400 in 79ms [session: Pjckpaam...] [no-user] :: {"error":"Value is required"}
2:50:23 AM [express] GET /api/tours 304 in 89ms [session: fbmqlILf...] [no-user] :: [{"id":1,"title":"Luxury Serengeti Safari","location":"Tanzania","price":4500,"duration":"7 Days","image":"https://images.unsplash.com/photo-1516426122078-c23e76319801?auto=format&fit=crop&q=80&w=1000","description":"Experience the magic of the Serengeti with our all-inclusive luxury safari. See the big five in their natural habitat and stay in world-class lodges.","highlights":["Big Five Spotting","Hot Air Balloon Safari","Luxury Tented Camp","Indigenous Cultural Visit"],"createdAt":"2026-04-23T11:51:23.998Z"},{"id":2,"title":"Cape Town & Garden Route","location":"South Africa","price":3200,"duration":"10 Days","image":"https://images.unsplash.com/photo-1580060839134-75a5edca2e99?auto=format&fit=crop&q=80&w=1000","description":"Explore the stunning coastal scenery of the Garden Route and the vibrant culture of Cape Town. Includes wine tasting in Stellenbosch.","highlights":["Table Mountain Sunset","Wine Tasting","Penguin Colony Visit","Coastal Scenic Drive"],"createdAt":"2026-04-23T11:51:24.015Z"},{"id":3,"title":"Victoria Falls Adventure","location":"Zimbabwe / Zambia","price":1800,"duration":"4 Days","image":"https://images.unsplash.com/photo-1547471080-7cc2caa01a7e?auto=format&fit=crop&q=80&w=1000","description":"Witness the 'Smoke that Thunders'. A breathtaking adventure at one of the world's natural wonders.","highlights":["Helicopter over Falls","Sunset Cruise","Guided Rain Forest Tour","Bungee Jumping (Optional)"],"createdAt":"2026-04-23T11:51:24.049Z"}]
2:50:23 AM [express] GET /api/settings 304 in 107ms [session: WT4W2k7N...] [no-user] :: {"hero_video":"https://www.youtube.com/watch?v=JUSE2SaJgwE"}
2:50:23 AM [express] GET /api/gallery 304 in 103ms [session: 3rVjrtDx...] [no-user] :: [{"id":1,"url":"https://images.unsplash.com/photo-1575550959106-5a7defe28b56?w=600&auto=format&fit=crop&q=60&ixlib=rb-4.1.0&ixid=M3wxMjA3fDB8MHxzZWFyY2h8Mnx8d2lsZGxpZmV8ZW58MHx8MHx8fDA%3D","caption":"q","category":"general","createdAt":"2026-04-23T14:34:13.721Z"}]
2:50:34 AM [express] GET /api/settings 304 in 103ms [session: ExKp9fhI...] [no-user] :: {"hero_video":"https://www.youtube.com/watch?v=JUSE2SaJgwE"}
2:50:34 AM [express] GET /api/tours 304 in 94ms [session: qM9bsWb7...] [no-user] :: [{"id":1,"title":"Luxury Serengeti Safari","location":"Tanzania","price":4500,"duration":"7 Days","image":"https://images.unsplash.com/photo-1516426122078-c23e76319801?auto=format&fit=crop&q=80&w=1000","description":"Experience the magic of the Serengeti with our all-inclusive luxury safari. See the big five in their natural habitat and stay in world-class lodges.","highlights":["Big Five Spotting","Hot Air Balloon Safari","Luxury Tented Camp","Indigenous Cultural Visit"],"createdAt":"2026-04-23T11:51:23.998Z"},{"id":2,"title":"Cape Town & Garden Route","location":"South Africa","price":3200,"duration":"10 Days","image":"https://images.unsplash.com/photo-1580060839134-75a5edca2e99?auto=format&fit=crop&q=80&w=1000","description":"Explore the stunning coastal scenery of the Garden Route and the vibrant culture of Cape Town. Includes wine tasting in Stellenbosch.","highlights":["Table Mountain Sunset","Wine Tasting","Penguin Colony Visit","Coastal Scenic Drive"],"createdAt":"2026-04-23T11:51:24.015Z"},{"id":3,"title":"Victoria Falls Adventure","location":"Zimbabwe / Zambia","price":1800,"duration":"4 Days","image":"https://images.unsplash.com/photo-1547471080-7cc2caa01a7e?auto=format&fit=crop&q=80&w=1000","description":"Witness the 'Smoke that Thunders'. A breathtaking adventure at one of the world's natural wonders.","highlights":["Helicopter over Falls","Sunset Cruise","Guided Rain Forest Tour","Bungee Jumping (Optional)"],"createdAt":"2026-04-23T11:51:24.049Z"}]
2:50:34 AM [express] GET /api/gallery 304 in 102ms [session: ZyIhm7Hl...] [no-user] :: [{"id":1,"url":"https://images.unsplash.com/photo-1575550959106-5a7defe28b56?w=600&auto=format&fit=crop&q=60&ixlib=rb-4.1.0&ixid=M3wxMjA3fDB8MHxzZWFyY2h8Mnx8d2lsZGxpZmV8ZW58MHx8MHx8fDA%3D","caption":"q","category":"general","createdAt":"2026-04-23T14:34:13.721Z"}]
2:53:16 AM [express] Checking environment: DATABASE_URL is SET
2:53:16 AM [express] Checking environment: NODE_ENV is development
2:53:16 AM [express] Server physical port listener opened on 3000
2:53:17 AM [express] Vite middleware setup completed
2:53:22 AM [express] Checking environment: DATABASE_URL is SET
2:53:22 AM [express] Checking environment: NODE_ENV is development
2:53:22 AM [express] Server physical port listener opened on 3000
2:53:23 AM [express] Vite middleware setup completed
2:53:36 AM [express] GET /api/settings 304 in 100ms [session: TSP5rsvT...] [no-user] :: {"hero_video":"https://www.youtube.com/watch?v=JUSE2SaJgwE"}
2:53:36 AM [express] GET /api/tours 304 in 102ms [session: bMnfGUh0...] [no-user] :: [{"id":1,"title":"Luxury Serengeti Safari","location":"Tanzania","price":4500,"duration":"7 Days","image":"https://images.unsplash.com/photo-1516426122078-c23e76319801?auto=format&fit=crop&q=80&w=1000","description":"Experience the magic of the Serengeti with our all-inclusive luxury safari. See the big five in their natural habitat and stay in world-class lodges.","highlights":["Big Five Spotting","Hot Air Balloon Safari","Luxury Tented Camp","Indigenous Cultural Visit"],"createdAt":"2026-04-23T11:51:23.998Z"},{"id":2,"title":"Cape Town & Garden Route","location":"South Africa","price":3200,"duration":"10 Days","image":"https://images.unsplash.com/photo-1580060839134-75a5edca2e99?auto=format&fit=crop&q=80&w=1000","description":"Explore the stunning coastal scenery of the Garden Route and the vibrant culture of Cape Town. Includes wine tasting in Stellenbosch.","highlights":["Table Mountain Sunset","Wine Tasting","Penguin Colony Visit","Coastal Scenic Drive"],"createdAt":"2026-04-23T11:51:24.015Z"},{"id":3,"title":"Victoria Falls Adventure","location":"Zimbabwe / Zambia","price":1800,"duration":"4 Days","image":"https://images.unsplash.com/photo-1547471080-7cc2caa01a7e?auto=format&fit=crop&q=80&w=1000","description":"Witness the 'Smoke that Thunders'. A breathtaking adventure at one of the world's natural wonders.","highlights":["Helicopter over Falls","Sunset Cruise","Guided Rain Forest Tour","Bungee Jumping (Optional)"],"createdAt":"2026-04-23T11:51:24.049Z"}]
2:53:36 AM [express] GET /api/gallery 304 in 105ms [session: NCLJanSO...] [no-user] :: [{"id":1,"url":"https://images.unsplash.com/photo-1575550959106-5a7defe28b56?w=600&auto=format&fit=crop&q=60&ixlib=rb-4.1.0&ixid=M3wxMjA3fDB8MHxzZWFyY2h8Mnx8d2lsZGxpZmV8ZW58MHx8MHx8fDA%3D","caption":"q","category":"general","createdAt":"2026-04-23T14:34:13.721Z"}]
2:55:16 AM [express] GET /api/contact 304 in 292ms [session: zrPlXRnd...] [no-user] :: []
2:55:16 AM [express] GET /api/bookings 304 in 293ms [session: nogChQV-...] [no-user] :: []
2:55:23 AM [express] PUT /api/settings/hero_media_urls 400 in 75ms [session: YJg1BhqN...] [no-user] :: {"error":"Value is required"}
2:56:02 AM [express] PUT /api/settings/hero_media_urls 400 in 92ms [session: xiIADE9t...] [no-user] :: {"error":"Value is required"}
2:57:01 AM [express] Checking environment: DATABASE_URL is SET
2:57:01 AM [express] Checking environment: NODE_ENV is development
2:57:01 AM [express] Server physical port listener opened on 3000
2:57:02 AM [express] Vite middleware setup completed
2:57:09 AM [express] Checking environment: DATABASE_URL is SET
2:57:09 AM [express] Checking environment: NODE_ENV is development
2:57:09 AM [express] Server physical port listener opened on 3000
2:57:10 AM [express] Vite middleware setup completed
2:57:22 AM [express] GET /api/gallery 304 in 98ms [session: ZMjGduM7...] [no-user] :: [{"id":1,"url":"https://images.unsplash.com/photo-1575550959106-5a7defe28b56?w=600&auto=format&fit=crop&q=60&ixlib=rb-4.1.0&ixid=M3wxMjA3fDB8MHxzZWFyY2h8Mnx8d2lsZGxpZmV8ZW58MHx8MHx8fDA%3D","caption":"q","category":"general","createdAt":"2026-04-23T14:34:13.721Z"}]
2:57:22 AM [express] GET /api/settings 304 in 95ms [session: Uf3SIsM2...] [no-user] :: {"hero_video":"https://www.youtube.com/watch?v=JUSE2SaJgwE"}
2:57:22 AM [express] GET /api/tours 304 in 101ms [session: qZ2ELmo-...] [no-user] :: [{"id":1,"title":"Luxury Serengeti Safari","location":"Tanzania","price":4500,"duration":"7 Days","image":"https://images.unsplash.com/photo-1516426122078-c23e76319801?auto=format&fit=crop&q=80&w=1000","description":"Experience the magic of the Serengeti with our all-inclusive luxury safari. See the big five in their natural habitat and stay in world-class lodges.","highlights":["Big Five Spotting","Hot Air Balloon Safari","Luxury Tented Camp","Indigenous Cultural Visit"],"createdAt":"2026-04-23T11:51:23.998Z"},{"id":2,"title":"Cape Town & Garden Route","location":"South Africa","price":3200,"duration":"10 Days","image":"https://images.unsplash.com/photo-1580060839134-75a5edca2e99?auto=format&fit=crop&q=80&w=1000","description":"Explore the stunning coastal scenery of the Garden Route and the vibrant culture of Cape Town. Includes wine tasting in Stellenbosch.","highlights":["Table Mountain Sunset","Wine Tasting","Penguin Colony Visit","Coastal Scenic Drive"],"createdAt":"2026-04-23T11:51:24.015Z"},{"id":3,"title":"Victoria Falls Adventure","location":"Zimbabwe / Zambia","price":1800,"duration":"4 Days","image":"https://images.unsplash.com/photo-1547471080-7cc2caa01a7e?auto=format&fit=crop&q=80&w=1000","description":"Witness the 'Smoke that Thunders'. A breathtaking adventure at one of the world's natural wonders.","highlights":["Helicopter over Falls","Sunset Cruise","Guided Rain Forest Tour","Bungee Jumping (Optional)"],"createdAt":"2026-04-23T11:51:24.049Z"}]
2:57:45 AM [express] GET /api/bookings 304 in 215ms [session: aY0p1cVi...] [no-user] :: []
2:57:46 AM [express] GET /api/contact 304 in 215ms [session: TSCZC9yc...] [no-user] :: []
2:57:51 AM [express] PUT /api/settings/hero_media_urls 200 in 85ms [session: eZL18n-A...] [no-user] :: {"id":2,"settingKey":"hero_media_urls","settingValue":"","updatedAt":"2026-04-24T02:57:51.558Z"}
2:57:51 AM [express] GET /api/settings 200 in 15ms [session: 4uCbthc3...] [no-user] :: {"hero_video":"https://www.youtube.com/watch?v=JUSE2SaJgwE","hero_media_urls":""}
2:58:00 AM [express] GET /api/settings 304 in 14ms [session: CfcQWk17...] [no-user] :: {"hero_video":"https://www.youtube.com/watch?v=JUSE2SaJgwE","hero_media_urls":""}
2:58:00 AM [express] GET /api/tours 304 in 84ms [session: q6PSAfT5...] [no-user] :: [{"id":1,"title":"Luxury Serengeti Safari","location":"Tanzania","price":4500,"duration":"7 Days","image":"https://images.unsplash.com/photo-1516426122078-c23e76319801?auto=format&fit=crop&q=80&w=1000","description":"Experience the magic of the Serengeti with our all-inclusive luxury safari. See the big five in their natural habitat and stay in world-class lodges.","highlights":["Big Five Spotting","Hot Air Balloon Safari","Luxury Tented Camp","Indigenous Cultural Visit"],"createdAt":"2026-04-23T11:51:23.998Z"},{"id":2,"title":"Cape Town & Garden Route","location":"South Africa","price":3200,"duration":"10 Days","image":"https://images.unsplash.com/photo-1580060839134-75a5edca2e99?auto=format&fit=crop&q=80&w=1000","description":"Explore the stunning coastal scenery of the Garden Route and the vibrant culture of Cape Town. Includes wine tasting in Stellenbosch.","highlights":["Table Mountain Sunset","Wine Tasting","Penguin Colony Visit","Coastal Scenic Drive"],"createdAt":"2026-04-23T11:51:24.015Z"},{"id":3,"title":"Victoria Falls Adventure","location":"Zimbabwe / Zambia","price":1800,"duration":"4 Days","image":"https://images.unsplash.com/photo-1547471080-7cc2caa01a7e?auto=format&fit=crop&q=80&w=1000","description":"Witness the 'Smoke that Thunders'. A breathtaking adventure at one of the world's natural wonders.","highlights":["Helicopter over Falls","Sunset Cruise","Guided Rain Forest Tour","Bungee Jumping (Optional)"],"createdAt":"2026-04-23T11:51:24.049Z"}]
2:58:00 AM [express] GET /api/gallery 304 in 94ms [session: YKNoi4Ee...] [no-user] :: [{"id":1,"url":"https://images.unsplash.com/photo-1575550959106-5a7defe28b56?w=600&auto=format&fit=crop&q=60&ixlib=rb-4.1.0&ixid=M3wxMjA3fDB8MHxzZWFyY2h8Mnx8d2lsZGxpZmV8ZW58MHx8MHx8fDA%3D","caption":"q","category":"general","createdAt":"2026-04-23T14:34:13.721Z"}]
2:58:33 AM [express] GET /api/contact 304 in 189ms [session: Awda2JMR...] [no-user] :: []
2:58:33 AM [express] GET /api/bookings 304 in 204ms [session: nNpCqWWU...] [no-user] :: []
2:59:04 AM [express] PUT /api/settings/hero_media_urls 200 in 165ms [session: So_GZc9p...] [no-user] :: {"id":2,"settingKey":"hero_media_urls","settingValue":"https://images.unsplash.com/photo-1518709594023-6eab9bab7b23?w=600&auto=format&fit=crop&q=60&ixlib=rb-4.1.0&ixid=M3wxMjA3fDB8MHxzZWFyY2h8NHx8d2lsZGxpZmV8ZW58MHx8MHx8fDA%3D","updatedAt":"2026-04-24T02:59:04.304Z"}
2:59:04 AM [express] GET /api/settings 200 in 12ms [session: j6-xJmoO...] [no-user] :: {"hero_video":"https://www.youtube.com/watch?v=JUSE2SaJgwE","hero_media_urls":"https://images.unsplash.com/photo-1518709594023-6eab9bab7b23?w=600&auto=format&fit=crop&q=60&ixlib=rb-4.1.0&ixid=M3wxMjA3fDB8MHxzZWFyY2h8NHx8d2lsZGxpZmV8ZW58MHx8MHx8fDA%3D"}
2:59:17 AM [express] GET /api/settings 304 in 98ms [session: DA4_d3Ug...] [no-user] :: {"hero_video":"https://www.youtube.com/watch?v=JUSE2SaJgwE","hero_media_urls":"https://images.unsplash.com/photo-1518709594023-6eab9bab7b23?w=600&auto=format&fit=crop&q=60&ixlib=rb-4.1.0&ixid=M3wxMjA3fDB8MHxzZWFyY2h8NHx8d2lsZGxpZmV8ZW58MHx8MHx8fDA%3D"}
2:59:17 AM [express] GET /api/gallery 304 in 93ms [session: clzcFyT4...] [no-user] :: [{"id":1,"url":"https://images.unsplash.com/photo-1575550959106-5a7defe28b56?w=600&auto=format&fit=crop&q=60&ixlib=rb-4.1.0&ixid=M3wxMjA3fDB8MHxzZWFyY2h8Mnx8d2lsZGxpZmV8ZW58MHx8MHx8fDA%3D","caption":"q","category":"general","createdAt":"2026-04-23T14:34:13.721Z"}]
2:59:17 AM [express] GET /api/tours 304 in 96ms [session: GeV74jDA...] [no-user] :: [{"id":1,"title":"Luxury Serengeti Safari","location":"Tanzania","price":4500,"duration":"7 Days","image":"https://images.unsplash.com/photo-1516426122078-c23e76319801?auto=format&fit=crop&q=80&w=1000","description":"Experience the magic of the Serengeti with our all-inclusive luxury safari. See the big five in their natural habitat and stay in world-class lodges.","highlights":["Big Five Spotting","Hot Air Balloon Safari","Luxury Tented Camp","Indigenous Cultural Visit"],"createdAt":"2026-04-23T11:51:23.998Z"},{"id":2,"title":"Cape Town & Garden Route","location":"South Africa","price":3200,"duration":"10 Days","image":"https://images.unsplash.com/photo-1580060839134-75a5edca2e99?auto=format&fit=crop&q=80&w=1000","description":"Explore the stunning coastal scenery of the Garden Route and the vibrant culture of Cape Town. Includes wine tasting in Stellenbosch.","highlights":["Table Mountain Sunset","Wine Tasting","Penguin Colony Visit","Coastal Scenic Drive"],"createdAt":"2026-04-23T11:51:24.015Z"},{"id":3,"title":"Victoria Falls Adventure","location":"Zimbabwe / Zambia","price":1800,"duration":"4 Days","image":"https://images.unsplash.com/photo-1547471080-7cc2caa01a7e?auto=format&fit=crop&q=80&w=1000","description":"Witness the 'Smoke that Thunders'. A breathtaking adventure at one of the world's natural wonders.","highlights":["Helicopter over Falls","Sunset Cruise","Guided Rain Forest Tour","Bungee Jumping (Optional)"],"createdAt":"2026-04-23T11:51:24.049Z"}]
2:59:51 AM [express] GET /api/bookings 304 in 183ms [session: u71DVN8q...] [no-user] :: []
2:59:51 AM [express] GET /api/contact 304 in 118ms [session: -77qOfS-...] [no-user] :: []
3:00:04 AM [express] PUT /api/settings/hero_media_urls 200 in 193ms [session: GwnQfgFl...] [no-user] :: {"id":2,"settingKey":"hero_media_urls","settingValue":"https://images.unsplash.com/photo-1518709594023-6eab9bab7b23?w=600&auto=format&fit=crop&q=60&ixlib=rb-4.1.0&ixid=M3wxMjA3fDB8MHxzZWFyY2h8NHx8d2lsZGxpZmV8ZW58MHx8MHx8fDA%3D, https://images.unsplash.com/photo-1496196614460-48988a57fccf?w=600&auto=format&fit=crop&q=60&ixlib=rb-4.1.0&ixid=M3wxMjA3fDB8MHxzZWFyY2h8OHx8d2lsZGxpZmV8ZW58MHx8MHx8fDA%3D","updatedAt":"2026-04-24T03:00:04.179Z"}
3:00:04 AM [express] GET /api/settings 200 in 13ms [session: BXZrcu1v...] [no-user] :: {"hero_video":"https://www.youtube.com/watch?v=JUSE2SaJgwE","hero_media_urls":"https://images.unsplash.com/photo-1518709594023-6eab9bab7b23?w=600&auto=format&fit=crop&q=60&ixlib=rb-4.1.0&ixid=M3wxMjA3fDB8MHxzZWFyY2h8NHx8d2lsZGxpZmV8ZW58MHx8MHx8fDA%3D, https://images.unsplash.com/photo-1496196614460-48988a57fccf?w=600&auto=format&fit=crop&q=60&ixlib=rb-4.1.0&ixid=M3wxMjA3fDB8MHxzZWFyY2h8OHx8d2lsZGxpZmV8ZW58MHx8MHx8fDA%3D"}
3:00:09 AM [express] GET /api/settings 304 in 12ms [session: vom7eN_f...] [no-user] :: {"hero_video":"https://www.youtube.com/watch?v=JUSE2SaJgwE","hero_media_urls":"https://images.unsplash.com/photo-1518709594023-6eab9bab7b23?w=600&auto=format&fit=crop&q=60&ixlib=rb-4.1.0&ixid=M3wxMjA3fDB8MHxzZWFyY2h8NHx8d2lsZGxpZmV8ZW58MHx8MHx8fDA%3D, https://images.unsplash.com/photo-1496196614460-48988a57fccf?w=600&auto=format&fit=crop&q=60&ixlib=rb-4.1.0&ixid=M3wxMjA3fDB8MHxzZWFyY2h8OHx8d2lsZGxpZmV8ZW58MHx8MHx8fDA%3D"}
3:00:09 AM [express] GET /api/gallery 304 in 12ms [session: Q3dLSgd-...] [no-user] :: [{"id":1,"url":"https://images.unsplash.com/photo-1575550959106-5a7defe28b56?w=600&auto=format&fit=crop&q=60&ixlib=rb-4.1.0&ixid=M3wxMjA3fDB8MHxzZWFyY2h8Mnx8d2lsZGxpZmV8ZW58MHx8MHx8fDA%3D","caption":"q","category":"general","createdAt":"2026-04-23T14:34:13.721Z"}]
3:00:09 AM [express] GET /api/tours 304 in 94ms [session: OTOmb5i7...] [no-user] :: [{"id":1,"title":"Luxury Serengeti Safari","location":"Tanzania","price":4500,"duration":"7 Days","image":"https://images.unsplash.com/photo-1516426122078-c23e76319801?auto=format&fit=crop&q=80&w=1000","description":"Experience the magic of the Serengeti with our all-inclusive luxury safari. See the big five in their natural habitat and stay in world-class lodges.","highlights":["Big Five Spotting","Hot Air Balloon Safari","Luxury Tented Camp","Indigenous Cultural Visit"],"createdAt":"2026-04-23T11:51:23.998Z"},{"id":2,"title":"Cape Town & Garden Route","location":"South Africa","price":3200,"duration":"10 Days","image":"https://images.unsplash.com/photo-1580060839134-75a5edca2e99?auto=format&fit=crop&q=80&w=1000","description":"Explore the stunning coastal scenery of the Garden Route and the vibrant culture of Cape Town. Includes wine tasting in Stellenbosch.","highlights":["Table Mountain Sunset","Wine Tasting","Penguin Colony Visit","Coastal Scenic Drive"],"createdAt":"2026-04-23T11:51:24.015Z"},{"id":3,"title":"Victoria Falls Adventure","location":"Zimbabwe / Zambia","price":1800,"duration":"4 Days","image":"https://images.unsplash.com/photo-1547471080-7cc2caa01a7e?auto=format&fit=crop&q=80&w=1000","description":"Witness the 'Smoke that Thunders'. A breathtaking adventure at one of the world's natural wonders.","highlights":["Helicopter over Falls","Sunset Cruise","Guided Rain Forest Tour","Bungee Jumping (Optional)"],"createdAt":"2026-04-23T11:51:24.049Z"}]
3:01:51 AM [express] POST /api/contact 400 in 4ms [session: En7N1kY5...] [no-user] :: {"error":[{"origin":"string","code":"invalid_format","format":"email","pattern":"/^(?!\\.)(?!.*\\.\\.)([A-Za-z0-9_'+\\-\\.]*)[A-Za-z0-9_+-]@([A-Za-z0-9][A-Za-z0-9\\-]*\\.)+[A-Za-z]{2,}$/","path":["email"],"message":"Invalid email"}]}
3:02:01 AM [express] POST /api/contact 400 in 0ms [session: 3dLeJKQy...] [no-user] :: {"error":[{"origin":"string","code":"invalid_format","format":"email","pattern":"/^(?!\\.)(?!.*\\.\\.)([A-Za-z0-9_'+\\-\\.]*)[A-Za-z0-9_+-]@([A-Za-z0-9][A-Za-z0-9\\-]*\\.)+[A-Za-z]{2,}$/","path":["email"],"message":"Invalid email"}]}
3:06:19 AM [express] Checking environment: DATABASE_URL is SET
3:06:19 AM [express] Checking environment: NODE_ENV is development
3:06:19 AM [express] Server physical port listener opened on 3000
3:06:20 AM [express] Vite middleware setup completed
3:06:25 AM [express] Checking environment: DATABASE_URL is SET
3:06:25 AM [express] Checking environment: NODE_ENV is development
3:06:25 AM [express] Server physical port listener opened on 3000
3:06:26 AM [express] Vite middleware setup completed
3:06:38 AM [express] GET /api/settings 304 in 94ms [session: UVerZ_v7...] [no-user] :: {"hero_video":"https://www.youtube.com/watch?v=JUSE2SaJgwE","hero_media_urls":"https://images.unsplash.com/photo-1518709594023-6eab9bab7b23?w=600&auto=format&fit=crop&q=60&ixlib=rb-4.1.0&ixid=M3wxMjA3fDB8MHxzZWFyY2h8NHx8d2lsZGxpZmV8ZW58MHx8MHx8fDA%3D, https://images.unsplash.com/photo-1496196614460-48988a57fccf?w=600&auto=format&fit=crop&q=60&ixlib=rb-4.1.0&ixid=M3wxMjA3fDB8MHxzZWFyY2h8OHx8d2lsZGxpZmV8ZW58MHx8MHx8fDA%3D"}
3:06:38 AM [express] GET /api/gallery 304 in 90ms [session: LfJ9V5K-...] [no-user] :: [{"id":1,"url":"https://images.unsplash.com/photo-1575550959106-5a7defe28b56?w=600&auto=format&fit=crop&q=60&ixlib=rb-4.1.0&ixid=M3wxMjA3fDB8MHxzZWFyY2h8Mnx8d2lsZGxpZmV8ZW58MHx8MHx8fDA%3D","caption":"q","category":"general","createdAt":"2026-04-23T14:34:13.721Z"}]
3:06:38 AM [express] GET /api/tours 304 in 100ms [session: EwcyXVNS...] [no-user] :: [{"id":1,"title":"Luxury Serengeti Safari","location":"Tanzania","price":4500,"duration":"7 Days","image":"https://images.unsplash.com/photo-1516426122078-c23e76319801?auto=format&fit=crop&q=80&w=1000","description":"Experience the magic of the Serengeti with our all-inclusive luxury safari. See the big five in their natural habitat and stay in world-class lodges.","highlights":["Big Five Spotting","Hot Air Balloon Safari","Luxury Tented Camp","Indigenous Cultural Visit"],"createdAt":"2026-04-23T11:51:23.998Z"},{"id":2,"title":"Cape Town & Garden Route","location":"South Africa","price":3200,"duration":"10 Days","image":"https://images.unsplash.com/photo-1580060839134-75a5edca2e99?auto=format&fit=crop&q=80&w=1000","description":"Explore the stunning coastal scenery of the Garden Route and the vibrant culture of Cape Town. Includes wine tasting in Stellenbosch.","highlights":["Table Mountain Sunset","Wine Tasting","Penguin Colony Visit","Coastal Scenic Drive"],"createdAt":"2026-04-23T11:51:24.015Z"},{"id":3,"title":"Victoria Falls Adventure","location":"Zimbabwe / Zambia","price":1800,"duration":"4 Days","image":"https://images.unsplash.com/photo-1547471080-7cc2caa01a7e?auto=format&fit=crop&q=80&w=1000","description":"Witness the 'Smoke that Thunders'. A breathtaking adventure at one of the world's natural wonders.","highlights":["Helicopter over Falls","Sunset Cruise","Guided Rain Forest Tour","Bungee Jumping (Optional)"],"createdAt":"2026-04-23T11:51:24.049Z"}]
3:07:20 AM [express] POST /api/contact 400 in 4ms [session: rrZRWnd9...] [no-user] :: {"error":[{"origin":"string","code":"invalid_format","format":"email","pattern":"/^(?!\\.)(?!.*\\.\\.)([A-Za-z0-9_'+\\-\\.]*)[A-Za-z0-9_+-]@([A-Za-z0-9][A-Za-z0-9\\-]*\\.)+[A-Za-z]{2,}$/","path":["email"],"message":"Invalid email"}]}
3:07:28 AM [express] POST /api/contact 400 in 1ms [session: fDnC1oJe...] [no-user] :: {"error":[{"origin":"string","code":"invalid_format","format":"email","pattern":"/^(?!\\.)(?!.*\\.\\.)([A-Za-z0-9_'+\\-\\.]*)[A-Za-z0-9_+-]@([A-Za-z0-9][A-Za-z0-9\\-]*\\.)+[A-Za-z]{2,}$/","path":["email"],"message":"Invalid email"}]}
3:07:31 AM [express] GET /api/bookings 304 in 338ms [session: lIyDc7kG...] [no-user] :: []
3:07:31 AM [express] GET /api/contact 304 in 346ms [session: sXCwI0nE...] [no-user] :: []
3:08:54 AM [express] Checking environment: DATABASE_URL is SET
3:08:54 AM [express] Checking environment: NODE_ENV is development
3:08:54 AM [express] Server physical port listener opened on 3000
3:08:55 AM [express] Vite middleware setup completed
